[2020-02-26 07:19:25] local.ERROR: Cache store [] is not defined. {"exception":"[object] (InvalidArgumentException(code: 0): Cache store [] is not defined. at /Users/shubhamlal/DevelopmentCodes/g_r/vendor/laravel/framework/src/Illuminate/Cache/CacheManager.php:96)
[stacktrace]
#0 /Users/shubhamlal/DevelopmentCodes/g_r/vendor/laravel/framework/src/Illuminate/Cache/CacheManager.php(80): Illuminate\\Cache\\CacheManager->resolve(NULL)
#1 /Users/shubhamlal/DevelopmentCodes/g_r/vendor/laravel/framework/src/Illuminate/Cache/CacheManager.php(58): Illuminate\\Cache\\CacheManager->get(NULL)
#2 /Users/shubhamlal/DevelopmentCodes/g_r/vendor/laravel/framework/src/Illuminate/Cache/Console/ClearCommand.php(107): Illuminate\\Cache\\CacheManager->store(NULL)
#3 /Users/shubhamlal/DevelopmentCodes/g_r/vendor/laravel/framework/src/Illuminate/Cache/Console/ClearCommand.php(67): Illuminate\\Cache\\Console\\ClearCommand->cache()
#4 [internal function]: Illuminate\\Cache\\Console\\ClearCommand->handle()
#5 /Users/shubhamlal/DevelopmentCodes/g_r/vendor/laravel/framework/src/Illuminate/Container/BoundMethod.php(29): call_user_func_array(Array, Array)
#6 /Users/shubhamlal/DevelopmentCodes/g_r/vendor/laravel/framework/src/Illuminate/Container/BoundMethod.php(87): Illuminate\\Container\\BoundMethod::Illuminate\\Container\\{closure}()
#7 /Users/shubhamlal/DevelopmentCodes/g_r/vendor/laravel/framework/src/Illuminate/Container/BoundMethod.php(31): Illuminate\\Container\\BoundMethod::callBoundMethod(Object(Illuminate\\Foundation\\Application), Array, Object(Closure))
#8 /Users/shubhamlal/DevelopmentCodes/g_r/vendor/laravel/framework/src/Illuminate/Container/Container.php(572): Illuminate\\Container\\BoundMethod::call(Object(Illuminate\\Foundation\\Application), Array, Array, NULL)
#9 /Users/shubhamlal/DevelopmentCodes/g_r/vendor/laravel/framework/src/Illuminate/Console/Command.php(183): Illuminate\\Container\\Container->call(Array)
#10 /Users/shubhamlal/DevelopmentCodes/g_r/vendor/symfony/console/Command/Command.php(255): Illuminate\\Console\\Command->execute(Object(Symfony\\Component\\Console\\Input\\ArgvInput), Object(Illuminate\\Console\\OutputStyle))
#11 /Users/shubhamlal/DevelopmentCodes/g_r/vendor/laravel/framework/src/Illuminate/Console/Command.php(170): Symfony\\Component\\Console\\Command\\Command->run(Object(Symfony\\Component\\Console\\Input\\ArgvInput), Object(Illuminate\\Console\\OutputStyle))
#12 /Users/shubhamlal/DevelopmentCodes/g_r/vendor/symfony/console/Application.php(1011): Illuminate\\Console\\Command->run(Object(Symfony\\Component\\Console\\Input\\ArgvInput), Object(Symfony\\Component\\Console\\Output\\ConsoleOutput))
#13 /Users/shubhamlal/DevelopmentCodes/g_r/vendor/symfony/console/Application.php(272): Symfony\\Component\\Console\\Application->doRunCommand(Object(Illuminate\\Cache\\Console\\ClearCommand), Object(Symfony\\Component\\Console\\Input\\ArgvInput), Object(Symfony\\Component\\Console\\Output\\ConsoleOutput))
#14 /Users/shubhamlal/DevelopmentCodes/g_r/vendor/symfony/console/Application.php(148): Symfony\\Component\\Console\\Application->doRun(Object(Symfony\\Component\\Console\\Input\\ArgvInput), Object(Symfony\\Component\\Console\\Output\\ConsoleOutput))
#15 /Users/shubhamlal/DevelopmentCodes/g_r/vendor/laravel/framework/src/Illuminate/Console/Application.php(89): Symfony\\Component\\Console\\Application->run(Object(Symfony\\Component\\Console\\Input\\ArgvInput), Object(Symfony\\Component\\Console\\Output\\ConsoleOutput))
#16 /Users/shubhamlal/DevelopmentCodes/g_r/vendor/laravel/framework/src/Illuminate/Foundation/Console/Kernel.php(122): Illuminate\\Console\\Application->run(Object(Symfony\\Component\\Console\\Input\\ArgvInput), Object(Symfony\\Component\\Console\\Output\\ConsoleOutput))
#17 /Users/shubhamlal/DevelopmentCodes/g_r/artisan(37): Illuminate\\Foundation\\Console\\Kernel->handle(Object(Symfony\\Component\\Console\\Input\\ArgvInput), Object(Symfony\\Component\\Console\\Output\\ConsoleOutput))
#18 {main}
"} 
[2020-02-26 07:19:52] local.ERROR: The "--p" option does not exist. {"exception":"[object] (Symfony\\Component\\Console\\Exception\\RuntimeException(code: 0): The \"--p\" option does not exist. at /Users/shubhamlal/DevelopmentCodes/g_r/vendor/symfony/console/Input/ArgvInput.php:203)
[stacktrace]
#0 /Users/shubhamlal/DevelopmentCodes/g_r/vendor/symfony/console/Input/ArgvInput.php(147): Symfony\\Component\\Console\\Input\\ArgvInput->addLongOption('p', NULL)
#1 /Users/shubhamlal/DevelopmentCodes/g_r/vendor/symfony/console/Input/ArgvInput.php(81): Symfony\\Component\\Console\\Input\\ArgvInput->parseLongOption('--p')
#2 /Users/shubhamlal/DevelopmentCodes/g_r/vendor/symfony/console/Input/Input.php(55): Symfony\\Component\\Console\\Input\\ArgvInput->parse()
#3 /Users/shubhamlal/DevelopmentCodes/g_r/vendor/symfony/console/Command/Command.php(214): Symfony\\Component\\Console\\Input\\Input->bind(Object(Symfony\\Component\\Console\\Input\\InputDefinition))
#4 /Users/shubhamlal/DevelopmentCodes/g_r/vendor/laravel/framework/src/Illuminate/Console/Command.php(170): Symfony\\Component\\Console\\Command\\Command->run(Object(Symfony\\Component\\Console\\Input\\ArgvInput), Object(Illuminate\\Console\\OutputStyle))
#5 /Users/shubhamlal/DevelopmentCodes/g_r/vendor/symfony/console/Application.php(1011): Illuminate\\Console\\Command->run(Object(Symfony\\Component\\Console\\Input\\ArgvInput), Object(Symfony\\Component\\Console\\Output\\ConsoleOutput))
#6 /Users/shubhamlal/DevelopmentCodes/g_r/vendor/symfony/console/Application.php(272): Symfony\\Component\\Console\\Application->doRunCommand(Object(Illuminate\\Foundation\\Console\\ServeCommand), Object(Symfony\\Component\\Console\\Input\\ArgvInput), Object(Symfony\\Component\\Console\\Output\\ConsoleOutput))
#7 /Users/shubhamlal/DevelopmentCodes/g_r/vendor/symfony/console/Application.php(148): Symfony\\Component\\Console\\Application->doRun(Object(Symfony\\Component\\Console\\Input\\ArgvInput), Object(Symfony\\Component\\Console\\Output\\ConsoleOutput))
#8 /Users/shubhamlal/DevelopmentCodes/g_r/vendor/laravel/framework/src/Illuminate/Console/Application.php(89): Symfony\\Component\\Console\\Application->run(Object(Symfony\\Component\\Console\\Input\\ArgvInput), Object(Symfony\\Component\\Console\\Output\\ConsoleOutput))
#9 /Users/shubhamlal/DevelopmentCodes/g_r/vendor/laravel/framework/src/Illuminate/Foundation/Console/Kernel.php(122): Illuminate\\Console\\Application->run(Object(Symfony\\Component\\Console\\Input\\ArgvInput), Object(Symfony\\Component\\Console\\Output\\ConsoleOutput))
#10 /Users/shubhamlal/DevelopmentCodes/g_r/artisan(37): Illuminate\\Foundation\\Console\\Kernel->handle(Object(Symfony\\Component\\Console\\Input\\ArgvInput), Object(Symfony\\Component\\Console\\Output\\ConsoleOutput))
#11 {main}
"} 
[2020-02-26 07:19:57] local.ERROR: The "-p" option does not exist. {"exception":"[object] (Symfony\\Component\\Console\\Exception\\RuntimeException(code: 0): The \"-p\" option does not exist. at /Users/shubhamlal/DevelopmentCodes/g_r/vendor/symfony/console/Input/ArgvInput.php:120)
[stacktrace]
#0 /Users/shubhamlal/DevelopmentCodes/g_r/vendor/symfony/console/Input/ArgvInput.php(102): Symfony\\Component\\Console\\Input\\ArgvInput->parseShortOptionSet('port')
#1 /Users/shubhamlal/DevelopmentCodes/g_r/vendor/symfony/console/Input/ArgvInput.php(83): Symfony\\Component\\Console\\Input\\ArgvInput->parseShortOption('-port')
#2 /Users/shubhamlal/DevelopmentCodes/g_r/vendor/symfony/console/Input/Input.php(55): Symfony\\Component\\Console\\Input\\ArgvInput->parse()
#3 /Users/shubhamlal/DevelopmentCodes/g_r/vendor/symfony/console/Command/Command.php(214): Symfony\\Component\\Console\\Input\\Input->bind(Object(Symfony\\Component\\Console\\Input\\InputDefinition))
#4 /Users/shubhamlal/DevelopmentCodes/g_r/vendor/laravel/framework/src/Illuminate/Console/Command.php(170): Symfony\\Component\\Console\\Command\\Command->run(Object(Symfony\\Component\\Console\\Input\\ArgvInput), Object(Illuminate\\Console\\OutputStyle))
#5 /Users/shubhamlal/DevelopmentCodes/g_r/vendor/symfony/console/Application.php(1011): Illuminate\\Console\\Command->run(Object(Symfony\\Component\\Console\\Input\\ArgvInput), Object(Symfony\\Component\\Console\\Output\\ConsoleOutput))
#6 /Users/shubhamlal/DevelopmentCodes/g_r/vendor/symfony/console/Application.php(272): Symfony\\Component\\Console\\Application->doRunCommand(Object(Illuminate\\Foundation\\Console\\ServeCommand), Object(Symfony\\Component\\Console\\Input\\ArgvInput), Object(Symfony\\Component\\Console\\Output\\ConsoleOutput))
#7 /Users/shubhamlal/DevelopmentCodes/g_r/vendor/symfony/console/Application.php(148): Symfony\\Component\\Console\\Application->doRun(Object(Symfony\\Component\\Console\\Input\\ArgvInput), Object(Symfony\\Component\\Console\\Output\\ConsoleOutput))
#8 /Users/shubhamlal/DevelopmentCodes/g_r/vendor/laravel/framework/src/Illuminate/Console/Application.php(89): Symfony\\Component\\Console\\Application->run(Object(Symfony\\Component\\Console\\Input\\ArgvInput), Object(Symfony\\Component\\Console\\Output\\ConsoleOutput))
#9 /Users/shubhamlal/DevelopmentCodes/g_r/vendor/laravel/framework/src/Illuminate/Foundation/Console/Kernel.php(122): Illuminate\\Console\\Application->run(Object(Symfony\\Component\\Console\\Input\\ArgvInput), Object(Symfony\\Component\\Console\\Output\\ConsoleOutput))
#10 /Users/shubhamlal/DevelopmentCodes/g_r/artisan(37): Illuminate\\Foundation\\Console\\Kernel->handle(Object(Symfony\\Component\\Console\\Input\\ArgvInput), Object(Symfony\\Component\\Console\\Output\\ConsoleOutput))
#11 {main}
"} 
[2020-02-26 07:29:32] local.ERROR: Cache store [] is not defined. {"exception":"[object] (InvalidArgumentException(code: 0): Cache store [] is not defined. at /Users/shubhamlal/DevelopmentCodes/g_r/vendor/laravel/framework/src/Illuminate/Cache/CacheManager.php:96)
[stacktrace]
#0 /Users/shubhamlal/DevelopmentCodes/g_r/vendor/laravel/framework/src/Illuminate/Cache/CacheManager.php(80): Illuminate\\Cache\\CacheManager->resolve(NULL)
#1 /Users/shubhamlal/DevelopmentCodes/g_r/vendor/laravel/framework/src/Illuminate/Cache/CacheManager.php(58): Illuminate\\Cache\\CacheManager->get(NULL)
#2 /Users/shubhamlal/DevelopmentCodes/g_r/vendor/laravel/framework/src/Illuminate/Cache/CacheManager.php(69): Illuminate\\Cache\\CacheManager->store(NULL)
#3 /Users/shubhamlal/DevelopmentCodes/g_r/vendor/laravel/framework/src/Illuminate/Cache/CacheServiceProvider.php(28): Illuminate\\Cache\\CacheManager->driver()
#4 /Users/shubhamlal/DevelopmentCodes/g_r/vendor/laravel/framework/src/Illuminate/Container/Container.php(776): Illuminate\\Cache\\CacheServiceProvider->Illuminate\\Cache\\{closure}(Object(Illuminate\\Foundation\\Application), Array)
#5 /Users/shubhamlal/DevelopmentCodes/g_r/vendor/laravel/framework/src/Illuminate/Container/Container.php(658): Illuminate\\Container\\Container->build(Object(Closure))
#6 /Users/shubhamlal/DevelopmentCodes/g_r/vendor/laravel/framework/src/Illuminate/Container/Container.php(609): Illuminate\\Container\\Container->resolve('cache.store', Array)
#7 /Users/shubhamlal/DevelopmentCodes/g_r/vendor/laravel/framework/src/Illuminate/Foundation/Application.php(759): Illuminate\\Container\\Container->make('cache.store', Array)
#8 /Users/shubhamlal/DevelopmentCodes/g_r/vendor/laravel/framework/src/Illuminate/Container/Container.php(912): Illuminate\\Foundation\\Application->make('cache.store')
#9 /Users/shubhamlal/DevelopmentCodes/g_r/vendor/laravel/framework/src/Illuminate/Container/Container.php(840): Illuminate\\Container\\Container->resolveClass(Object(ReflectionParameter))
#10 /Users/shubhamlal/DevelopmentCodes/g_r/vendor/laravel/framework/src/Illuminate/Container/Container.php(807): Illuminate\\Container\\Container->resolveDependencies(Array)
#11 /Users/shubhamlal/DevelopmentCodes/g_r/vendor/laravel/framework/src/Illuminate/Container/Container.php(658): Illuminate\\Container\\Container->build('Illuminate\\\\Cach...')
#12 /Users/shubhamlal/DevelopmentCodes/g_r/vendor/laravel/framework/src/Illuminate/Container/Container.php(609): Illuminate\\Container\\Container->resolve('Illuminate\\\\Cach...', Array)
#13 /Users/shubhamlal/DevelopmentCodes/g_r/vendor/laravel/framework/src/Illuminate/Foundation/Application.php(759): Illuminate\\Container\\Container->make('Illuminate\\\\Cach...', Array)
#14 /Users/shubhamlal/DevelopmentCodes/g_r/vendor/laravel/framework/src/Illuminate/Foundation/helpers.php(121): Illuminate\\Foundation\\Application->make('Illuminate\\\\Cach...', Array)
#15 /Users/shubhamlal/DevelopmentCodes/g_r/vendor/laravel/framework/src/Illuminate/Foundation/Auth/ThrottlesLogins.php(99): app('Illuminate\\\\Cach...')
#16 /Users/shubhamlal/DevelopmentCodes/g_r/vendor/laravel/framework/src/Illuminate/Foundation/Auth/ThrottlesLogins.php(22): App\\Http\\Controllers\\Auth\\LoginController->limiter()
#17 /Users/shubhamlal/DevelopmentCodes/g_r/vendor/laravel/framework/src/Illuminate/Foundation/Auth/AuthenticatesUsers.php(38): App\\Http\\Controllers\\Auth\\LoginController->hasTooManyLoginAttempts(Object(Illuminate\\Http\\Request))
#18 [internal function]: App\\Http\\Controllers\\Auth\\LoginController->login(Object(Illuminate\\Http\\Request))
#19 /Users/shubhamlal/DevelopmentCodes/g_r/vendor/laravel/framework/src/Illuminate/Routing/Controller.php(54): call_user_func_array(Array, Array)
#20 /Users/shubhamlal/DevelopmentCodes/g_r/vendor/laravel/framework/src/Illuminate/Routing/ControllerDispatcher.php(45): Illuminate\\Routing\\Controller->callAction('login', Array)
#21 /Users/shubhamlal/DevelopmentCodes/g_r/vendor/laravel/framework/src/Illuminate/Routing/Route.php(219): Illuminate\\Routing\\ControllerDispatcher->dispatch(Object(Illuminate\\Routing\\Route), Object(App\\Http\\Controllers\\Auth\\LoginController), 'login')
#22 /Users/shubhamlal/DevelopmentCodes/g_r/vendor/laravel/framework/src/Illuminate/Routing/Route.php(176): Illuminate\\Routing\\Route->runController()
#23 /Users/shubhamlal/DevelopmentCodes/g_r/vendor/laravel/framework/src/Illuminate/Routing/Router.php(682): Illuminate\\Routing\\Route->run()
#24 /Users/shubhamlal/DevelopmentCodes/g_r/vendor/laravel/framework/src/Illuminate/Routing/Pipeline.php(30): Illuminate\\Routing\\Router->Illuminate\\Routing\\{closure}(Object(Illuminate\\Http\\Request))
#25 /Users/shubhamlal/DevelopmentCodes/g_r/app/Http/Middleware/RedirectIfAuthenticated.php(24): Illuminate\\Routing\\Pipeline->Illuminate\\Routing\\{closure}(Object(Illuminate\\Http\\Request))
#26 /Users/shubhamlal/DevelopmentCodes/g_r/vendor/laravel/framework/src/Illuminate/Pipeline/Pipeline.php(163): App\\Http\\Middleware\\RedirectIfAuthenticated->handle(Object(Illuminate\\Http\\Request), Object(Closure))
#27 /Users/shubhamlal/DevelopmentCodes/g_r/vendor/laravel/framework/src/Illuminate/Routing/Pipeline.php(53): Illuminate\\Pipeline\\Pipeline->Illuminate\\Pipeline\\{closure}(Object(Illuminate\\Http\\Request))
#28 /Users/shubhamlal/DevelopmentCodes/g_r/vendor/laravel/framework/src/Illuminate/Routing/Middleware/SubstituteBindings.php(41): Illuminate\\Routing\\Pipeline->Illuminate\\Routing\\{closure}(Object(Illuminate\\Http\\Request))
#29 /Users/shubhamlal/DevelopmentCodes/g_r/vendor/laravel/framework/src/Illuminate/Pipeline/Pipeline.php(163): Illuminate\\Routing\\Middleware\\SubstituteBindings->handle(Object(Illuminate\\Http\\Request), Object(Closure))
#30 /Users/shubhamlal/DevelopmentCodes/g_r/vendor/laravel/framework/src/Illuminate/Routing/Pipeline.php(53): Illuminate\\Pipeline\\Pipeline->Illuminate\\Pipeline\\{closure}(Object(Illuminate\\Http\\Request))
#31 /Users/shubhamlal/DevelopmentCodes/g_r/vendor/laravel/framework/src/Illuminate/Foundation/Http/Middleware/VerifyCsrfToken.php(75): Illuminate\\Routing\\Pipeline->Illuminate\\Routing\\{closure}(Object(Illuminate\\Http\\Request))
#32 /Users/shubhamlal/DevelopmentCodes/g_r/vendor/laravel/framework/src/Illuminate/Pipeline/Pipeline.php(163): Illuminate\\Foundation\\Http\\Middleware\\VerifyCsrfToken->handle(Object(Illuminate\\Http\\Request), Object(Closure))
#33 /Users/shubhamlal/DevelopmentCodes/g_r/vendor/laravel/framework/src/Illuminate/Routing/Pipeline.php(53): Illuminate\\Pipeline\\Pipeline->Illuminate\\Pipeline\\{closure}(Object(Illuminate\\Http\\Request))
#34 /Users/shubhamlal/DevelopmentCodes/g_r/vendor/laravel/framework/src/Illuminate/View/Middleware/ShareErrorsFromSession.php(49): Illuminate\\Routing\\Pipeline->Illuminate\\Routing\\{closure}(Object(Illuminate\\Http\\Request))
#35 /Users/shubhamlal/DevelopmentCodes/g_r/vendor/laravel/framework/src/Illuminate/Pipeline/Pipeline.php(163): Illuminate\\View\\Middleware\\ShareErrorsFromSession->handle(Object(Illuminate\\Http\\Request), Object(Closure))
#36 /Users/shubhamlal/DevelopmentCodes/g_r/vendor/laravel/framework/src/Illuminate/Routing/Pipeline.php(53): Illuminate\\Pipeline\\Pipeline->Illuminate\\Pipeline\\{closure}(Object(Illuminate\\Http\\Request))
#37 /Users/shubhamlal/DevelopmentCodes/g_r/vendor/laravel/framework/src/Illuminate/Session/Middleware/StartSession.php(63): Illuminate\\Routing\\Pipeline->Illuminate\\Routing\\{closure}(Object(Illuminate\\Http\\Request))
#38 /Users/shubhamlal/DevelopmentCodes/g_r/vendor/laravel/framework/src/Illuminate/Pipeline/Pipeline.php(163): Illuminate\\Session\\Middleware\\StartSession->handle(Object(Illuminate\\Http\\Request), Object(Closure))
#39 /Users/shubhamlal/DevelopmentCodes/g_r/vendor/laravel/framework/src/Illuminate/Routing/Pipeline.php(53): Illuminate\\Pipeline\\Pipeline->Illuminate\\Pipeline\\{closure}(Object(Illuminate\\Http\\Request))
#40 /Users/shubhamlal/DevelopmentCodes/g_r/vendor/laravel/framework/src/Illuminate/Cookie/Middleware/AddQueuedCookiesToResponse.php(37): Illuminate\\Routing\\Pipeline->Illuminate\\Routing\\{closure}(Object(Illuminate\\Http\\Request))
#41 /Users/shubhamlal/DevelopmentCodes/g_r/vendor/laravel/framework/src/Illuminate/Pipeline/Pipeline.php(163): Illuminate\\Cookie\\Middleware\\AddQueuedCookiesToResponse->handle(Object(Illuminate\\Http\\Request), Object(Closure))
#42 /Users/shubhamlal/DevelopmentCodes/g_r/vendor/laravel/framework/src/Illuminate/Routing/Pipeline.php(53): Illuminate\\Pipeline\\Pipeline->Illuminate\\Pipeline\\{closure}(Object(Illuminate\\Http\\Request))
#43 /Users/shubhamlal/DevelopmentCodes/g_r/vendor/laravel/framework/src/Illuminate/Cookie/Middleware/EncryptCookies.php(66): Illuminate\\Routing\\Pipeline->Illuminate\\Routing\\{closure}(Object(Illuminate\\Http\\Request))
#44 /Users/shubhamlal/DevelopmentCodes/g_r/vendor/laravel/framework/src/Illuminate/Pipeline/Pipeline.php(163): Illuminate\\Cookie\\Middleware\\EncryptCookies->handle(Object(Illuminate\\Http\\Request), Object(Closure))
#45 /Users/shubhamlal/DevelopmentCodes/g_r/vendor/laravel/framework/src/Illuminate/Routing/Pipeline.php(53): Illuminate\\Pipeline\\Pipeline->Illuminate\\Pipeline\\{closure}(Object(Illuminate\\Http\\Request))
#46 /Users/shubhamlal/DevelopmentCodes/g_r/vendor/laravel/framework/src/Illuminate/Pipeline/Pipeline.php(104): Illuminate\\Routing\\Pipeline->Illuminate\\Routing\\{closure}(Object(Illuminate\\Http\\Request))
#47 /Users/shubhamlal/DevelopmentCodes/g_r/vendor/laravel/framework/src/Illuminate/Routing/Router.php(684): Illuminate\\Pipeline\\Pipeline->then(Object(Closure))
#48 /Users/shubhamlal/DevelopmentCodes/g_r/vendor/laravel/framework/src/Illuminate/Routing/Router.php(659): Illuminate\\Routing\\Router->runRouteWithinStack(Object(Illuminate\\Routing\\Route), Object(Illuminate\\Http\\Request))
#49 /Users/shubhamlal/DevelopmentCodes/g_r/vendor/laravel/framework/src/Illuminate/Routing/Router.php(625): Illuminate\\Routing\\Router->runRoute(Object(Illuminate\\Http\\Request), Object(Illuminate\\Routing\\Route))
#50 /Users/shubhamlal/DevelopmentCodes/g_r/vendor/laravel/framework/src/Illuminate/Routing/Router.php(614): Illuminate\\Routing\\Router->dispatchToRoute(Object(Illuminate\\Http\\Request))
#51 /Users/shubhamlal/DevelopmentCodes/g_r/vendor/laravel/framework/src/Illuminate/Foundation/Http/Kernel.php(176): Illuminate\\Routing\\Router->dispatch(Object(Illuminate\\Http\\Request))
#52 /Users/shubhamlal/DevelopmentCodes/g_r/vendor/laravel/framework/src/Illuminate/Routing/Pipeline.php(30): Illuminate\\Foundation\\Http\\Kernel->Illuminate\\Foundation\\Http\\{closure}(Object(Illuminate\\Http\\Request))
#53 /Users/shubhamlal/DevelopmentCodes/g_r/vendor/fideloper/proxy/src/TrustProxies.php(57): Illuminate\\Routing\\Pipeline->Illuminate\\Routing\\{closure}(Object(Illuminate\\Http\\Request))
#54 /Users/shubhamlal/DevelopmentCodes/g_r/vendor/laravel/framework/src/Illuminate/Pipeline/Pipeline.php(163): Fideloper\\Proxy\\TrustProxies->handle(Object(Illuminate\\Http\\Request), Object(Closure))
#55 /Users/shubhamlal/DevelopmentCodes/g_r/vendor/laravel/framework/src/Illuminate/Routing/Pipeline.php(53): Illuminate\\Pipeline\\Pipeline->Illuminate\\Pipeline\\{closure}(Object(Illuminate\\Http\\Request))
#56 /Users/shubhamlal/DevelopmentCodes/g_r/vendor/laravel/framework/src/Illuminate/Foundation/Http/Middleware/TransformsRequest.php(31): Illuminate\\Routing\\Pipeline->Illuminate\\Routing\\{closure}(Object(Illuminate\\Http\\Request))
#57 /Users/shubhamlal/DevelopmentCodes/g_r/vendor/laravel/framework/src/Illuminate/Pipeline/Pipeline.php(163): Illuminate\\Foundation\\Http\\Middleware\\TransformsRequest->handle(Object(Illuminate\\Http\\Request), Object(Closure))
#58 /Users/shubhamlal/DevelopmentCodes/g_r/vendor/laravel/framework/src/Illuminate/Routing/Pipeline.php(53): Illuminate\\Pipeline\\Pipeline->Illuminate\\Pipeline\\{closure}(Object(Illuminate\\Http\\Request))
#59 /Users/shubhamlal/DevelopmentCodes/g_r/vendor/laravel/framework/src/Illuminate/Foundation/Http/Middleware/TransformsRequest.php(31): Illuminate\\Routing\\Pipeline->Illuminate\\Routing\\{closure}(Object(Illuminate\\Http\\Request))
#60 /Users/shubhamlal/DevelopmentCodes/g_r/vendor/laravel/framework/src/Illuminate/Pipeline/Pipeline.php(163): Illuminate\\Foundation\\Http\\Middleware\\TransformsRequest->handle(Object(Illuminate\\Http\\Request), Object(Closure))
#61 /Users/shubhamlal/DevelopmentCodes/g_r/vendor/laravel/framework/src/Illuminate/Routing/Pipeline.php(53): Illuminate\\Pipeline\\Pipeline->Illuminate\\Pipeline\\{closure}(Object(Illuminate\\Http\\Request))
#62 /Users/shubhamlal/DevelopmentCodes/g_r/vendor/laravel/framework/src/Illuminate/Foundation/Http/Middleware/ValidatePostSize.php(27): Illuminate\\Routing\\Pipeline->Illuminate\\Routing\\{closure}(Object(Illuminate\\Http\\Request))
#63 /Users/shubhamlal/DevelopmentCodes/g_r/vendor/laravel/framework/src/Illuminate/Pipeline/Pipeline.php(163): Illuminate\\Foundation\\Http\\Middleware\\ValidatePostSize->handle(Object(Illuminate\\Http\\Request), Object(Closure))
#64 /Users/shubhamlal/DevelopmentCodes/g_r/vendor/laravel/framework/src/Illuminate/Routing/Pipeline.php(53): Illuminate\\Pipeline\\Pipeline->Illuminate\\Pipeline\\{closure}(Object(Illuminate\\Http\\Request))
#65 /Users/shubhamlal/DevelopmentCodes/g_r/vendor/laravel/framework/src/Illuminate/Foundation/Http/Middleware/CheckForMaintenanceMode.php(62): Illuminate\\Routing\\Pipeline->Illuminate\\Routing\\{closure}(Object(Illuminate\\Http\\Request))
#66 /Users/shubhamlal/DevelopmentCodes/g_r/vendor/laravel/framework/src/Illuminate/Pipeline/Pipeline.php(163): Illuminate\\Foundation\\Http\\Middleware\\CheckForMaintenanceMode->handle(Object(Illuminate\\Http\\Request), Object(Closure))
#67 /Users/shubhamlal/DevelopmentCodes/g_r/vendor/laravel/framework/src/Illuminate/Routing/Pipeline.php(53): Illuminate\\Pipeline\\Pipeline->Illuminate\\Pipeline\\{closure}(Object(Illuminate\\Http\\Request))
#68 /Users/shubhamlal/DevelopmentCodes/g_r/vendor/laravel/framework/src/Illuminate/Pipeline/Pipeline.php(104): Illuminate\\Routing\\Pipeline->Illuminate\\Routing\\{closure}(Object(Illuminate\\Http\\Request))
#69 /Users/shubhamlal/DevelopmentCodes/g_r/vendor/laravel/framework/src/Illuminate/Foundation/Http/Kernel.php(151): Illuminate\\Pipeline\\Pipeline->then(Object(Closure))
#70 /Users/shubhamlal/DevelopmentCodes/g_r/vendor/laravel/framework/src/Illuminate/Foundation/Http/Kernel.php(116): Illuminate\\Foundation\\Http\\Kernel->sendRequestThroughRouter(Object(Illuminate\\Http\\Request))
#71 /Users/shubhamlal/DevelopmentCodes/g_r/public/index.php(55): Illuminate\\Foundation\\Http\\Kernel->handle(Object(Illuminate\\Http\\Request))
#72 /Users/shubhamlal/DevelopmentCodes/g_r/server.php(21): require_once('/Users/shubhaml...')
#73 {main}
"} 
